
Attaching package: ‘dplyr’

The following objects are masked from ‘package:stats’:

    filter, lag

The following objects are masked from ‘package:base’:

    intersect, setdiff, setequal, union


Attaching package: ‘data.table’

The following objects are masked from ‘package:dplyr’:

    between, first, last

Registered S3 method overwritten by 'pryr':
  method      from
  print.bytes Rcpp
Warning message:
In fun(libname, pkgname) : couldn't connect to display ":0"
INFO [2022-06-08 17:35:34] Extrayendo ventas para ACRE, 1 a 4
INFO [2022-06-08 17:35:42] Ventas extraidas para ACRE, 1 a 4
INFO [2022-06-08 17:35:44] Joineando ventas para prueba_1, ACRE, 1 a 4
INFO [2022-06-08 17:35:44] Corriendo fuentes para prueba_1, ACRE, 1 a 4
INFO [2022-06-08 17:35:44] Ejecutando dia_semana_hora
INFO [2022-06-08 17:35:45] Ejecutando mapa
INFO [2022-06-08 17:35:47] Ejecutando totales
INFO [2022-06-08 17:35:48] Ejecutando penetracao
INFO [2022-06-08 17:35:51] Joineando ventas para prueba_2, ACRE, 1 a 4
INFO [2022-06-08 17:35:52] Corriendo fuentes para prueba_2, ACRE, 1 a 4
INFO [2022-06-08 17:35:52] Ejecutando dia_semana_hora
INFO [2022-06-08 17:35:53] Ejecutando mapa
INFO [2022-06-08 17:35:55] Ejecutando totales
INFO [2022-06-08 17:35:55] Ejecutando penetracao
INFO [2022-06-08 17:35:57] Joineando ventas para prueba_3, ACRE, 1 a 4
INFO [2022-06-08 17:35:57] Corriendo fuentes para prueba_3, ACRE, 1 a 4
INFO [2022-06-08 17:35:57] Ejecutando dia_semana_hora
INFO [2022-06-08 17:35:58] Ejecutando mapa
INFO [2022-06-08 17:35:59] Ejecutando totales
INFO [2022-06-08 17:36:00] Ejecutando penetracao
INFO [2022-06-08 17:36:01] Extrayendo ventas para ACRE, 10+
INFO [2022-06-08 17:36:19] Ventas extraidas para ACRE, 10+
INFO [2022-06-08 17:36:20] Joineando ventas para prueba_1, ACRE, 10+
INFO [2022-06-08 17:36:23] Corriendo fuentes para prueba_1, ACRE, 10+
INFO [2022-06-08 17:36:23] Ejecutando dia_semana_hora
INFO [2022-06-08 17:36:34] Ejecutando mapa
INFO [2022-06-08 17:36:55] Ejecutando totales
INFO [2022-06-08 17:36:59] Ejecutando penetracao
INFO [2022-06-08 17:37:15] Joineando ventas para prueba_2, ACRE, 10+
INFO [2022-06-08 17:37:17] Corriendo fuentes para prueba_2, ACRE, 10+
INFO [2022-06-08 17:37:17] Ejecutando dia_semana_hora
INFO [2022-06-08 17:37:27] Ejecutando mapa
INFO [2022-06-08 17:37:48] Ejecutando totales
INFO [2022-06-08 17:37:52] Ejecutando penetracao
INFO [2022-06-08 17:38:06] Joineando ventas para prueba_3, ACRE, 10+
INFO [2022-06-08 17:38:06] Corriendo fuentes para prueba_3, ACRE, 10+
INFO [2022-06-08 17:38:06] Ejecutando dia_semana_hora
INFO [2022-06-08 17:38:07] Ejecutando mapa
INFO [2022-06-08 17:38:10] Ejecutando totales
INFO [2022-06-08 17:38:10] Ejecutando penetracao
INFO [2022-06-08 17:38:13] Extrayendo ventas para ACRE, 5 a 9
INFO [2022-06-08 17:38:18] Ventas extraidas para ACRE, 5 a 9
INFO [2022-06-08 17:38:20] Joineando ventas para prueba_1, ACRE, 5 a 9
INFO [2022-06-08 17:38:20] Corriendo fuentes para prueba_1, ACRE, 5 a 9
INFO [2022-06-08 17:38:20] Ejecutando dia_semana_hora
INFO [2022-06-08 17:38:21] Ejecutando mapa
INFO [2022-06-08 17:38:24] Ejecutando totales
INFO [2022-06-08 17:38:25] Ejecutando penetracao
INFO [2022-06-08 17:38:30] Joineando ventas para prueba_2, ACRE, 5 a 9
INFO [2022-06-08 17:38:30] Corriendo fuentes para prueba_2, ACRE, 5 a 9
INFO [2022-06-08 17:38:30] Ejecutando dia_semana_hora
INFO [2022-06-08 17:38:32] Ejecutando mapa
INFO [2022-06-08 17:38:35] Ejecutando totales
INFO [2022-06-08 17:38:35] Ejecutando penetracao
INFO [2022-06-08 17:38:38] Joineando ventas para prueba_3, ACRE, 5 a 9
INFO [2022-06-08 17:38:38] Corriendo fuentes para prueba_3, ACRE, 5 a 9
INFO [2022-06-08 17:38:38] Ejecutando dia_semana_hora
INFO [2022-06-08 17:38:39] Ejecutando mapa
INFO [2022-06-08 17:38:42] Ejecutando totales
INFO [2022-06-08 17:38:43] Ejecutando penetracao
INFO [2022-06-08 17:38:45] Extrayendo ventas para ALAGOAS, 1 a 4
